** Daemonized, any open files are closed.  Look at log/mongrel.pid and log/mongrel.log for info.
** Starting Mongrel listening at 0.0.0.0:12002
** Starting Rails with development environment...
NOTE: Gem.source_index is deprecated, use Specification. It will be removed on or after 2011-11-01.
Gem.source_index called from /usr/lib/ruby/gems/1.8/gems/rails-2.3.18/lib/rails/gem_dependency.rb:21.
NOTE: Gem::SourceIndex#initialize is deprecated with no replacement. It will be removed on or after 2011-11-01.
Gem::SourceIndex#initialize called from /usr/lib/ruby/gems/1.8/gems/rails-2.3.18/lib/rails/vendor_gem_source_index.rb:100.
** Rails loaded.
** Loading any Rails specific GemPlugins
NOTE: Gem::SourceIndex.from_installed_gems is deprecated with no replacement. It will be removed on or after 2011-10-01.
Gem::SourceIndex.from_installed_gems called from /usr/lib/ruby/gems/1.8/gems/gem_plugin-0.2.3/lib/gem_plugin.rb:109.
NOTE: from_installed_gems(arg) is deprecated. From /usr/lib/ruby/site_ruby/1.8/rubygems/deprecate.rb:63:in `send'
NOTE: Gem::SourceIndex.from_gems_in is deprecated with no replacement. It will be removed on or after 2011-10-01.
Gem::SourceIndex.from_gems_in called from /usr/lib/ruby/site_ruby/1.8/rubygems/source_index.rb:50.
NOTE: Gem::SourceIndex#initialize is deprecated with no replacement. It will be removed on or after 2011-11-01.
Gem::SourceIndex#initialize called from /usr/lib/ruby/site_ruby/1.8/rubygems/source_index.rb:67.
NOTE: Gem::SourceIndex#spec_dirs= is deprecated, use Specification.dirs=. It will be removed on or after 2011-11-01.
Gem::SourceIndex#spec_dirs= called from /usr/lib/ruby/site_ruby/1.8/rubygems/source_index.rb:94.
NOTE: Gem::SourceIndex#refresh! is deprecated with no replacement. It will be removed on or after 2011-11-01.
Gem::SourceIndex#refresh! called from /usr/lib/ruby/site_ruby/1.8/rubygems/source_index.rb:95.
NOTE: Gem::SourceIndex#load_gems_in is deprecated with no replacement. It will be removed on or after 2011-11-01.
Gem::SourceIndex#load_gems_in called from /usr/lib/ruby/site_ruby/1.8/rubygems/source_index.rb:322.
NOTE: Gem::SourceIndex#add_spec is deprecated, use Specification.add_spec. It will be removed on or after 2011-11-01.
Gem::SourceIndex#add_spec called from /usr/lib/ruby/site_ruby/1.8/rubygems/source_index.rb:127.
NOTE: Gem::SourceIndex#add_spec is deprecated, use Specification.add_spec. It will be removed on or after 2011-11-01.
Gem::SourceIndex#add_spec called from /usr/lib/ruby/site_ruby/1.8/rubygems/source_index.rb:127.
NOTE: Gem::SourceIndex#add_spec is deprecated, use Specification.add_spec. It will be removed on or after 2011-11-01.
Gem::SourceIndex#add_spec called from /usr/lib/ruby/site_ruby/1.8/rubygems/source_index.rb:127.
NOTE: Gem::SourceIndex#add_spec is deprecated, use Specification.add_spec. It will be removed on or after 2011-11-01.
Gem::SourceIndex#add_spec called from /usr/lib/ruby/site_ruby/1.8/rubygems/source_index.rb:127.
NOTE: Gem::SourceIndex#add_spec is deprecated, use Specification.add_spec. It will be removed on or after 2011-11-01.
Gem::SourceIndex#add_spec called from /usr/lib/ruby/site_ruby/1.8/rubygems/source_index.rb:127.
NOTE: Gem::SourceIndex#add_spec is deprecated, use Specification.add_spec. It will be removed on or after 2011-11-01.
Gem::SourceIndex#add_spec called from /usr/lib/ruby/site_ruby/1.8/rubygems/source_index.rb:127.
NOTE: Gem::SourceIndex#add_spec is deprecated, use Specification.add_spec. It will be removed on or after 2011-11-01.
Gem::SourceIndex#add_spec called from /usr/lib/ruby/site_ruby/1.8/rubygems/source_index.rb:127.
NOTE: Gem::SourceIndex#add_spec is deprecated, use Specification.add_spec. It will be removed on or after 2011-11-01.
Gem::SourceIndex#add_spec called from /usr/lib/ruby/site_ruby/1.8/rubygems/source_index.rb:127.
NOTE: Gem::SourceIndex#add_spec is deprecated, use Specification.add_spec. It will be removed on or after 2011-11-01.
Gem::SourceIndex#add_spec called from /usr/lib/ruby/site_ruby/1.8/rubygems/source_index.rb:127.
NOTE: Gem::SourceIndex#add_spec is deprecated, use Specification.add_spec. It will be removed on or after 2011-11-01.
Gem::SourceIndex#add_spec called from /usr/lib/ruby/site_ruby/1.8/rubygems/source_index.rb:127.
NOTE: Gem::SourceIndex#add_spec is deprecated, use Specification.add_spec. It will be removed on or after 2011-11-01.
Gem::SourceIndex#add_spec called from /usr/lib/ruby/site_ruby/1.8/rubygems/source_index.rb:127.
NOTE: Gem::SourceIndex#add_spec is deprecated, use Specification.add_spec. It will be removed on or after 2011-11-01.
Gem::SourceIndex#add_spec called from /usr/lib/ruby/site_ruby/1.8/rubygems/source_index.rb:127.
NOTE: Gem::SourceIndex#add_spec is deprecated, use Specification.add_spec. It will be removed on or after 2011-11-01.
Gem::SourceIndex#add_spec called from /usr/lib/ruby/site_ruby/1.8/rubygems/source_index.rb:127.
NOTE: Gem::SourceIndex#add_spec is deprecated, use Specification.add_spec. It will be removed on or after 2011-11-01.
Gem::SourceIndex#add_spec called from /usr/lib/ruby/site_ruby/1.8/rubygems/source_index.rb:127.
NOTE: Gem::SourceIndex#add_spec is deprecated, use Specification.add_spec. It will be removed on or after 2011-11-01.
Gem::SourceIndex#add_spec called from /usr/lib/ruby/site_ruby/1.8/rubygems/source_index.rb:127.
NOTE: Gem::SourceIndex#add_spec is deprecated, use Specification.add_spec. It will be removed on or after 2011-11-01.
Gem::SourceIndex#add_spec called from /usr/lib/ruby/site_ruby/1.8/rubygems/source_index.rb:127.
NOTE: Gem::SourceIndex#add_spec is deprecated, use Specification.add_spec. It will be removed on or after 2011-11-01.
Gem::SourceIndex#add_spec called from /usr/lib/ruby/site_ruby/1.8/rubygems/source_index.rb:127.
NOTE: Gem::SourceIndex#each is deprecated with no replacement. It will be removed on or after 2011-11-01.
Gem::SourceIndex#each called from /usr/lib/ruby/gems/1.8/gems/gem_plugin-0.2.3/lib/gem_plugin.rb:112.
** Signals ready.  TERM => stop.  USR2 => restart.  INT => stop (no restart).
** Rails signals registered.  HUP => reload (without restart).  It might not work well.
** Mongrel 1.1.5 available at 0.0.0.0:12002
** Writing PID file to log/mongrel.pid
"/home/riverval/rails_apps/kbcores/image_upload/.ftpquota"
"/home/riverval/rails_apps/kbcores/image_upload/NS25BB-3.jpg"
"/home/riverval/rails_apps/kbcores/image_upload/NS25BDA-3.jpg"
"/home/riverval/rails_apps/kbcores/image_upload/NS25BDA-4.jpg"
"/home/riverval/rails_apps/kbcores/image_upload/NS25BB-4.jpg"
"/home/riverval/rails_apps/kbcores/image_upload/NS25BDA-1.jpg"
"/home/riverval/rails_apps/kbcores/image_upload/NS25BDA-2.jpg"
"/home/riverval/rails_apps/kbcores/image_upload/NS25BB-2.jpg"
"/home/riverval/rails_apps/kbcores/image_upload/NS25BB-1.jpg"
"/home/riverval/rails_apps/kbcores/image_upload/NS25BDA-5.jpg"
"/home/riverval/rails_apps/kbcores/image_upload/CKNS56AA-4.jpg"
"/home/riverval/rails_apps/kbcores/image_upload/CKNS56AA-2.jpg"
"/home/riverval/rails_apps/kbcores/image_upload/CKNS56AA-5.jpg"
"/home/riverval/rails_apps/kbcores/image_upload/CKNS56AA-1.jpg"
"/home/riverval/rails_apps/kbcores/image_upload/CKNS56AA-3.jpg"
"/home/riverval/rails_apps/kbcores/image_upload/CKNS40AC-1.jpg"
"/home/riverval/rails_apps/kbcores/image_upload/CKNS40AC-4.jpg"
"/home/riverval/rails_apps/kbcores/image_upload/CKNS40AC-5.jpg"
"/home/riverval/rails_apps/kbcores/image_upload/CKNS40AC-3.jpg"
"/home/riverval/rails_apps/kbcores/image_upload/CKNS40AC-6.jpg"
"/home/riverval/rails_apps/kbcores/image_upload/CKNS40AC-2.jpg"
